Traceback (most recent call last):
  File "/home/ubuntu/oc-P7/source/Score.py", line 4, in <module>
    from flask import Flask, request, jsonify
  File "/home/ubuntu/.local/lib/python3.10/site-packages/flask/__init__.py", line 5, in <module>
    from .app import Flask as Flask
  File "/home/ubuntu/.local/lib/python3.10/site-packages/flask/app.py", line 30, in <module>
    from werkzeug.urls import url_quote
ImportError: cannot import name 'url_quote' from 'werkzeug.urls' (/home/ubuntu/.local/lib/python3.10/site-packages/werkzeug/urls.py)
/home/ubuntu/.local/lib/python3.10/site-packages/xgboost/core.py:160: UserWarning: [14:31:18] WARNING: /workspace/src/common/error_msg.h:80: If you are loading a serialized model (like pickle in Python, RDS in R) or
configuration generated by an older version of XGBoost, please export the model by calling
`Booster.save_model` from that version first, then load it back in current version. See:

    https://xgboost.readthedocs.io/en/stable/tutorials/saving_model.html

for more details about differences between saving model and serializing.

  warnings.warn(smsg, UserWarning)
Index(['index', 'SK_ID_CURR', 'CODE_GENDER', 'FLAG_OWN_CAR', 'FLAG_OWN_REALTY',
       'CNT_CHILDREN', 'AMT_INCOME_TOTAL', 'AMT_CREDIT', 'AMT_ANNUITY',
       'AMT_GOODS_PRICE',
       ...
       'WALLSMATERIAL_MODE_Others', 'WALLSMATERIAL_MODE_Panel',
       'WALLSMATERIAL_MODE_Stone, brick', 'WALLSMATERIAL_MODE_Wooden',
       'EMERGENCYSTATE_MODE_No', 'EMERGENCYSTATE_MODE_Yes',
       'INCOME_CREDIT_PERC', 'INCOME_PER_PERSON', 'ANNUITY_INCOME_PERC',
       'PAYMENT_RATE'],
      dtype='object', length=193)
 * Serving Flask app 'Score'
 * Debug mode: on
WARNING: This is a development server. Do not use it in a production deployment. Use a production WSGI server instead.
 * Running on http://127.0.0.1:5000
Press CTRL+C to quit
 * Restarting with watchdog (inotify)
/home/ubuntu/.local/lib/python3.10/site-packages/xgboost/core.py:160: UserWarning: [14:31:19] WARNING: /workspace/src/common/error_msg.h:80: If you are loading a serialized model (like pickle in Python, RDS in R) or
configuration generated by an older version of XGBoost, please export the model by calling
`Booster.save_model` from that version first, then load it back in current version. See:

    https://xgboost.readthedocs.io/en/stable/tutorials/saving_model.html

for more details about differences between saving model and serializing.

  warnings.warn(smsg, UserWarning)
 * Debugger is active!
 * Debugger PIN: 105-726-902
Index(['index', 'SK_ID_CURR', 'CODE_GENDER', 'FLAG_OWN_CAR', 'FLAG_OWN_REALTY',
       'CNT_CHILDREN', 'AMT_INCOME_TOTAL', 'AMT_CREDIT', 'AMT_ANNUITY',
       'AMT_GOODS_PRICE',
       ...
       'WALLSMATERIAL_MODE_Others', 'WALLSMATERIAL_MODE_Panel',
       'WALLSMATERIAL_MODE_Stone, brick', 'WALLSMATERIAL_MODE_Wooden',
       'EMERGENCYSTATE_MODE_No', 'EMERGENCYSTATE_MODE_Yes',
       'INCOME_CREDIT_PERC', 'INCOME_PER_PERSON', 'ANNUITY_INCOME_PERC',
       'PAYMENT_RATE'],
      dtype='object', length=193)
/home/ubuntu/.local/lib/python3.10/site-packages/xgboost/core.py:160: UserWarning: [15:38:45] WARNING: /workspace/src/common/error_msg.h:80: If you are loading a serialized model (like pickle in Python, RDS in R) or
configuration generated by an older version of XGBoost, please export the model by calling
`Booster.save_model` from that version first, then load it back in current version. See:

    https://xgboost.readthedocs.io/en/stable/tutorials/saving_model.html

for more details about differences between saving model and serializing.

  warnings.warn(smsg, UserWarning)
Index(['index', 'SK_ID_CURR', 'CODE_GENDER', 'FLAG_OWN_CAR', 'FLAG_OWN_REALTY',
       'CNT_CHILDREN', 'AMT_INCOME_TOTAL', 'AMT_CREDIT', 'AMT_ANNUITY',
       'AMT_GOODS_PRICE',
       ...
       'WALLSMATERIAL_MODE_Others', 'WALLSMATERIAL_MODE_Panel',
       'WALLSMATERIAL_MODE_Stone, brick', 'WALLSMATERIAL_MODE_Wooden',
       'EMERGENCYSTATE_MODE_No', 'EMERGENCYSTATE_MODE_Yes',
       'INCOME_CREDIT_PERC', 'INCOME_PER_PERSON', 'ANNUITY_INCOME_PERC',
       'PAYMENT_RATE'],
      dtype='object', length=193)
 * Serving Flask app 'Score'
 * Debug mode: on
WARNING: This is a development server. Do not use it in a production deployment. Use a production WSGI server instead.
 * Running on all addresses (0.0.0.0)
 * Running on http://127.0.0.1:5000
 * Running on http://172.31.39.83:5000
Press CTRL+C to quit
 * Restarting with watchdog (inotify)
/home/ubuntu/.local/lib/python3.10/site-packages/xgboost/core.py:160: UserWarning: [15:38:46] WARNING: /workspace/src/common/error_msg.h:80: If you are loading a serialized model (like pickle in Python, RDS in R) or
configuration generated by an older version of XGBoost, please export the model by calling
`Booster.save_model` from that version first, then load it back in current version. See:

    https://xgboost.readthedocs.io/en/stable/tutorials/saving_model.html

for more details about differences between saving model and serializing.

  warnings.warn(smsg, UserWarning)
 * Debugger is active!
 * Debugger PIN: 105-726-902
Index(['index', 'SK_ID_CURR', 'CODE_GENDER', 'FLAG_OWN_CAR', 'FLAG_OWN_REALTY',
       'CNT_CHILDREN', 'AMT_INCOME_TOTAL', 'AMT_CREDIT', 'AMT_ANNUITY',
       'AMT_GOODS_PRICE',
       ...
       'WALLSMATERIAL_MODE_Others', 'WALLSMATERIAL_MODE_Panel',
       'WALLSMATERIAL_MODE_Stone, brick', 'WALLSMATERIAL_MODE_Wooden',
       'EMERGENCYSTATE_MODE_No', 'EMERGENCYSTATE_MODE_Yes',
       'INCOME_CREDIT_PERC', 'INCOME_PER_PERSON', 'ANNUITY_INCOME_PERC',
       'PAYMENT_RATE'],
      dtype='object', length=193)
/home/ubuntu/.local/lib/python3.10/site-packages/xgboost/core.py:160: UserWarning: [16:13:12] WARNING: /workspace/src/common/error_msg.h:80: If you are loading a serialized model (like pickle in Python, RDS in R) or
configuration generated by an older version of XGBoost, please export the model by calling
`Booster.save_model` from that version first, then load it back in current version. See:

    https://xgboost.readthedocs.io/en/stable/tutorials/saving_model.html

for more details about differences between saving model and serializing.

  warnings.warn(smsg, UserWarning)
Index(['index', 'SK_ID_CURR', 'CODE_GENDER', 'FLAG_OWN_CAR', 'FLAG_OWN_REALTY',
       'CNT_CHILDREN', 'AMT_INCOME_TOTAL', 'AMT_CREDIT', 'AMT_ANNUITY',
       'AMT_GOODS_PRICE',
       ...
       'WALLSMATERIAL_MODE_Others', 'WALLSMATERIAL_MODE_Panel',
       'WALLSMATERIAL_MODE_Stone, brick', 'WALLSMATERIAL_MODE_Wooden',
       'EMERGENCYSTATE_MODE_No', 'EMERGENCYSTATE_MODE_Yes',
       'INCOME_CREDIT_PERC', 'INCOME_PER_PERSON', 'ANNUITY_INCOME_PERC',
       'PAYMENT_RATE'],
      dtype='object', length=193)
 * Serving Flask app 'Score'
 * Debug mode: on
Address already in use
Port 5000 is in use by another program. Either identify and stop that program, or start the server with a different port.
